2023-05-01 14:47:14,257 INFO [main] org.springframework.boot.StartupInfoLogger: Starting MainApplication using Java 17.0.1 with PID 169148 (D:\Никита БУГОР\3 курс 6 сем\РСОИ\lab-1\application\build\classes\java\main started by Asus in D:\Никита БУГОР\3 курс 6 сем\РСОИ\lab-1)
2023-05-01 14:47:14,260 DEBUG [main] org.springframework.boot.StartupInfoLogger: Running with Spring Boot v3.0.4, Spring v6.0.6
2023-05-01 14:47:14,261 INFO [main] org.springframework.boot.SpringApplication: No active profile set, falling back to 1 default profile: "default"
2023-05-01 14:47:15,038 INFO [main] org.springframework.data.repository.config.RepositoryConfigurationDelegate: Bootstrapping Spring Data JPA repositories in DEFAULT mode.
2023-05-01 14:47:15,120 INFO [main] org.springframework.data.repository.config.RepositoryConfigurationDelegate: Finished Spring Data repository scanning in 71 ms. Found 3 JPA repository interfaces.
2023-05-01 14:47:15,723 INFO [main] org.springframework.boot.web.embedded.tomcat.TomcatWebServer: Tomcat initialized with port(s): 8080 (http)
2023-05-01 14:47:15,736 INFO [main] org.apache.juli.logging.DirectJDKLog: Initializing ProtocolHandler ["http-nio-8080"]
2023-05-01 14:47:15,737 INFO [main] org.apache.juli.logging.DirectJDKLog: Starting service [Tomcat]
2023-05-01 14:47:15,737 INFO [main] org.apache.juli.logging.DirectJDKLog: Starting Servlet engine: [Apache Tomcat/10.1.5]
2023-05-01 14:47:15,875 INFO [main] org.apache.juli.logging.DirectJDKLog: Initializing Spring embedded WebApplicationContext
2023-05-01 14:47:15,876 INFO [main] org.springframework.boot.web.servlet.context.ServletWebServerApplicationContext: Root WebApplicationContext: initialization completed in 1562 ms
2023-05-01 14:47:16,099 INFO [main] org.hibernate.jpa.internal.util.LogHelper: HHH000204: Processing PersistenceUnitInfo [name: default]
2023-05-01 14:47:16,166 INFO [main] org.hibernate.Version: HHH000412: Hibernate ORM core version 6.1.7.Final
2023-05-01 14:47:16,528 INFO [main] com.zaxxer.hikari.HikariDataSource: HikariPool-1 - Starting...
2023-05-01 14:47:16,991 INFO [main] com.zaxxer.hikari.pool.HikariPool: HikariPool-1 - Added connection com.mysql.cj.jdbc.ConnectionImpl@45e11627
2023-05-01 14:47:16,994 INFO [main] com.zaxxer.hikari.HikariDataSource: HikariPool-1 - Start completed.
2023-05-01 14:47:17,016 INFO [main] org.hibernate.engine.jdbc.dialect.internal.DialectFactoryImpl: HHH000400: Using dialect: org.hibernate.dialect.MySQL8Dialect
2023-05-01 14:47:17,018 WARN [main] org.hibernate.engine.jdbc.dialect.internal.DialectFactoryImpl: HHH90000026: MySQL8Dialect has been deprecated; use org.hibernate.dialect.MySQLDialect instead
2023-05-01 14:47:18,167 INFO [main] org.hibernate.engine.transaction.jta.platform.internal.JtaPlatformInitiator: HHH000490: Using JtaPlatform implementation: [org.hibernate.engine.transaction.jta.platform.internal.NoJtaPlatform]
2023-05-01 14:47:18,191 INFO [main] org.springframework.orm.jpa.AbstractEntityManagerFactoryBean: Initialized JPA EntityManagerFactory for persistence unit 'default'
2023-05-01 14:47:18,654 WARN [main] org.springframework.boot.autoconfigure.orm.jpa.JpaBaseConfiguration$JpaWebConfiguration: spring.jpa.open-in-view is enabled by default. Therefore, database queries may be performed during view rendering. Explicitly configure spring.jpa.open-in-view to disable this warning
2023-05-01 14:47:18,987 INFO [main] org.apache.juli.logging.DirectJDKLog: Starting ProtocolHandler ["http-nio-8080"]
2023-05-01 14:47:19,015 INFO [main] org.springframework.boot.web.embedded.tomcat.TomcatWebServer: Tomcat started on port(s): 8080 (http) with context path ''
2023-05-01 14:47:19,024 INFO [main] org.springframework.boot.StartupInfoLogger: Started MainApplication in 5.269 seconds (process running for 6.493)
2023-05-01 14:48:21,373 INFO [main] com.github.rsoi.service.ProductService: Saving new product Samsung Galaxy 5
2023-05-01 14:48:56,372 INFO [SpringApplicationShutdownHook] org.springframework.orm.jpa.AbstractEntityManagerFactoryBean: Closing JPA EntityManagerFactory for persistence unit 'default'
2023-05-01 14:48:56,375 INFO [SpringApplicationShutdownHook] com.zaxxer.hikari.HikariDataSource: HikariPool-1 - Shutdown initiated...
2023-05-01 14:48:56,386 INFO [SpringApplicationShutdownHook] com.zaxxer.hikari.HikariDataSource: HikariPool-1 - Shutdown completed.
2023-05-01 15:10:25,577 INFO [main] org.springframework.boot.StartupInfoLogger: Starting MainApplication using Java 17.0.1 with PID 84440 (D:\Никита БУГОР\3 курс 6 сем\РСОИ\lab-1\application\build\classes\java\main started by Asus in D:\Никита БУГОР\3 курс 6 сем\РСОИ\lab-1)
2023-05-01 15:10:25,581 DEBUG [main] org.springframework.boot.StartupInfoLogger: Running with Spring Boot v3.0.4, Spring v6.0.6
2023-05-01 15:10:25,582 INFO [main] org.springframework.boot.SpringApplication: No active profile set, falling back to 1 default profile: "default"
2023-05-01 15:10:26,608 INFO [main] org.springframework.data.repository.config.RepositoryConfigurationDelegate: Bootstrapping Spring Data JPA repositories in DEFAULT mode.
2023-05-01 15:10:26,710 INFO [main] org.springframework.data.repository.config.RepositoryConfigurationDelegate: Finished Spring Data repository scanning in 89 ms. Found 3 JPA repository interfaces.
2023-05-01 15:10:27,583 INFO [main] org.springframework.boot.web.embedded.tomcat.TomcatWebServer: Tomcat initialized with port(s): 8080 (http)
2023-05-01 15:10:27,599 INFO [main] org.apache.juli.logging.DirectJDKLog: Initializing ProtocolHandler ["http-nio-8080"]
2023-05-01 15:10:27,601 INFO [main] org.apache.juli.logging.DirectJDKLog: Starting service [Tomcat]
2023-05-01 15:10:27,602 INFO [main] org.apache.juli.logging.DirectJDKLog: Starting Servlet engine: [Apache Tomcat/10.1.5]
2023-05-01 15:10:27,872 INFO [main] org.apache.juli.logging.DirectJDKLog: Initializing Spring embedded WebApplicationContext
2023-05-01 15:10:27,873 INFO [main] org.springframework.boot.web.servlet.context.ServletWebServerApplicationContext: Root WebApplicationContext: initialization completed in 2209 ms
2023-05-01 15:10:28,152 INFO [main] org.hibernate.jpa.internal.util.LogHelper: HHH000204: Processing PersistenceUnitInfo [name: default]
2023-05-01 15:10:28,239 INFO [main] org.hibernate.Version: HHH000412: Hibernate ORM core version 6.1.7.Final
2023-05-01 15:10:28,707 INFO [main] com.zaxxer.hikari.HikariDataSource: HikariPool-1 - Starting...
2023-05-01 15:10:29,332 INFO [main] com.zaxxer.hikari.pool.HikariPool: HikariPool-1 - Added connection com.mysql.cj.jdbc.ConnectionImpl@9205c0a
2023-05-01 15:10:29,341 INFO [main] com.zaxxer.hikari.HikariDataSource: HikariPool-1 - Start completed.
2023-05-01 15:10:29,402 INFO [main] org.hibernate.engine.jdbc.dialect.internal.DialectFactoryImpl: HHH000400: Using dialect: org.hibernate.dialect.MySQL8Dialect
2023-05-01 15:10:29,406 WARN [main] org.hibernate.engine.jdbc.dialect.internal.DialectFactoryImpl: HHH90000026: MySQL8Dialect has been deprecated; use org.hibernate.dialect.MySQLDialect instead
2023-05-01 15:10:31,299 INFO [main] org.hibernate.engine.transaction.jta.platform.internal.JtaPlatformInitiator: HHH000490: Using JtaPlatform implementation: [org.hibernate.engine.transaction.jta.platform.internal.NoJtaPlatform]
2023-05-01 15:10:31,315 INFO [main] org.springframework.orm.jpa.AbstractEntityManagerFactoryBean: Initialized JPA EntityManagerFactory for persistence unit 'default'
2023-05-01 15:10:31,991 WARN [main] org.springframework.boot.autoconfigure.orm.jpa.JpaBaseConfiguration$JpaWebConfiguration: spring.jpa.open-in-view is enabled by default. Therefore, database queries may be performed during view rendering. Explicitly configure spring.jpa.open-in-view to disable this warning
2023-05-01 15:10:32,494 INFO [main] org.apache.juli.logging.DirectJDKLog: Starting ProtocolHandler ["http-nio-8080"]
2023-05-01 15:10:32,528 INFO [main] org.springframework.boot.web.embedded.tomcat.TomcatWebServer: Tomcat started on port(s): 8080 (http) with context path ''
2023-05-01 15:10:32,544 INFO [main] org.springframework.boot.StartupInfoLogger: Started MainApplication in 7.717 seconds (process running for 9.389)
2023-05-01 15:10:58,579 INFO [main] com.github.rsoi.service.ProductService: Saved product Test Product
2023-05-01 15:11:06,255 INFO [main] com.github.rsoi.service.ProductService: Generated map with ratings : {2023-03-27=[4, 3, 4], 2023-03-18=[5, 3, 4]}
2023-05-01 15:11:06,276 INFO [main] com.github.rsoi.service.ProductService: Generated map with product minimal prices : {2023-04-12=[400.0, 500.0]}
2023-05-01 15:11:06,295 INFO [main] com.github.rsoi.service.ProductService: Generated map with ratings : {2023-03-27=[4], 2021-09-23=[3], 2023-04-06=[3, 4], 2023-03-18=[2, 2]}
2023-05-01 15:11:06,310 INFO [main] com.github.rsoi.service.ProductService: Generated map with product minimal prices : {2023-04-12=[500.0, 650.0]}
2023-05-01 15:11:06,326 INFO [main] com.github.rsoi.service.ProductService: Generated map with ratings : {2022-12-13=[4], 2022-12-12=[4], 2023-04-11=[5, 5], 2023-03-19=[4, 5]}
2023-05-01 15:11:06,340 INFO [main] com.github.rsoi.service.ProductService: Generated map with product minimal prices : {2023-04-12=[600.0, 500.0]}
2023-05-01 15:11:06,355 INFO [main] com.github.rsoi.service.ProductService: Generated map with ratings : {2022-12-12=[5], 2023-04-11=[3, 2, 1], 2023-03-19=[4, 5]}
2023-05-01 15:11:06,369 INFO [main] com.github.rsoi.service.ProductService: Generated map with product minimal prices : {2023-04-12=[550.0, 780.0]}
2023-05-01 15:11:06,382 INFO [main] com.github.rsoi.service.ProductService: Generated map with ratings : {2020-12-12=[5], 2023-04-11=[5, 5, 3, 4], 2020-11-23=[5], 2023-03-19=[5]}
2023-05-01 15:11:06,394 INFO [main] com.github.rsoi.service.ProductService: Generated map with product minimal prices : {2023-04-12=[760.0, 1000.0]}
2023-05-01 15:11:06,408 INFO [main] com.github.rsoi.service.ProductService: Generated map with ratings : {2021-12-13=[5], 2023-04-12=[5], 2023-04-11=[5], 2023-03-25=[5, 3, 3]}
2023-05-01 15:11:06,420 INFO [main] com.github.rsoi.service.ProductService: Generated map with product minimal prices : {2023-04-12=[310.0, 1300.0]}
2023-05-01 15:11:06,435 INFO [main] com.github.rsoi.service.ProductService: Generated map with ratings : {2023-04-12=[5, 4, 4], 2023-03-25=[3, 3, 3]}
2023-05-01 15:11:06,448 INFO [main] com.github.rsoi.service.ProductService: Generated map with product minimal prices : {2023-04-12=[130.0, 450.0]}
2023-05-01 15:11:06,461 INFO [main] com.github.rsoi.service.ProductService: Generated map with ratings : {2023-04-12=[3, 2, 5], 2023-03-25=[3, 4, 2]}
2023-05-01 15:11:06,476 INFO [main] com.github.rsoi.service.ProductService: Generated map with product minimal prices : {2023-04-12=[120.0, 300.0]}
2023-05-01 15:11:06,492 INFO [main] com.github.rsoi.service.ProductService: Generated map with ratings : {2022-12-30=[4], 2023-04-12=[3], 2023-03-25=[5, 4, 5]}
2023-05-01 15:11:06,505 INFO [main] com.github.rsoi.service.ProductService: Generated map with product minimal prices : {2023-04-12=[150.0, 2000.0]}
2023-05-01 15:11:06,519 INFO [main] com.github.rsoi.service.ProductService: Generated map with ratings : {2021-10-12=[4], 2023-04-12=[5]}
2023-05-01 15:11:06,531 INFO [main] com.github.rsoi.service.ProductService: Generated map with product minimal prices : {2023-04-12=[710.0, 500.0]}
2023-05-01 15:11:06,544 INFO [main] com.github.rsoi.service.ProductService: Generated map with ratings : {2022-07-12=[3]}
2023-05-01 15:11:06,559 INFO [main] com.github.rsoi.service.ProductService: Generated map with product minimal prices : {2022-10-12=[100.0], 2022-07-12=[110.0], 2023-04-12=[90.0, 400.0]}
2023-05-01 15:11:06,572 INFO [main] com.github.rsoi.service.ProductService: Generated map with ratings : {2022-12-13=[3]}
2023-05-01 15:11:06,586 INFO [main] com.github.rsoi.service.ProductService: Generated map with product minimal prices : {2022-12-13=[300.0], 2023-04-12=[290.0], 2023-04-18=[1000.0]}
2023-05-01 15:11:06,597 INFO [main] com.github.rsoi.service.ProductService: Generated map with ratings : {2023-12-12=[4]}
2023-05-01 15:11:06,609 INFO [main] com.github.rsoi.service.ProductService: Generated map with product minimal prices : {2023-12-12=[400.0]}
2023-05-01 15:11:06,620 INFO [main] com.github.rsoi.service.ProductService: Generated map with ratings : {2021-12-30=[4]}
2023-05-01 15:11:06,630 INFO [main] com.github.rsoi.service.ProductService: Generated map with product minimal prices : {2021-12-30=[300.0]}
2023-05-01 15:11:06,636 INFO [main] com.github.rsoi.service.ProductService: Got list of products: [com.github.rsoi.domain.product.Product@6bc8d8bd, com.github.rsoi.domain.product.Product@18f794e, com.github.rsoi.domain.product.Product@76876421, com.github.rsoi.domain.product.Product@363e2009, com.github.rsoi.domain.product.Product@5d200dce, com.github.rsoi.domain.product.Product@57f6fc09, com.github.rsoi.domain.product.Product@74cf2d5f, com.github.rsoi.domain.product.Product@a2ca681, com.github.rsoi.domain.product.Product@7e577eed, com.github.rsoi.domain.product.Product@1e9b0c92, com.github.rsoi.domain.product.Product@26619e5, com.github.rsoi.domain.product.Product@2b98c310, com.github.rsoi.domain.product.Product@5dc8448b, com.github.rsoi.domain.product.Product@255b84a9]
2023-05-01 15:11:06,659 INFO [main] com.github.rsoi.service.ProductService: Generated map with ratings : {2023-03-27=[4, 3, 4], 2023-03-18=[5, 3, 4]}
2023-05-01 15:11:06,672 INFO [main] com.github.rsoi.service.ProductService: Generated map with ratings : {2023-03-27=[4], 2021-09-23=[3], 2023-04-06=[3, 4], 2023-03-18=[2, 2]}
2023-05-01 15:11:06,686 INFO [main] com.github.rsoi.service.ProductService: Generated map with ratings : {2022-12-13=[4], 2022-12-12=[4], 2023-04-11=[5, 5], 2023-03-19=[4, 5]}
2023-05-01 15:11:06,700 INFO [main] com.github.rsoi.service.ProductService: Generated map with ratings : {2022-12-12=[5], 2023-04-11=[3, 2, 1], 2023-03-19=[4, 5]}
2023-05-01 15:11:06,711 INFO [main] com.github.rsoi.service.ProductService: Generated map with ratings : {2020-12-12=[5], 2023-04-11=[5, 5, 3, 4], 2020-11-23=[5], 2023-03-19=[5]}
2023-05-01 15:11:06,724 INFO [main] com.github.rsoi.service.ProductService: Generated map with ratings : {2021-12-13=[5], 2023-04-12=[5], 2023-04-11=[5], 2023-03-25=[5, 3, 3]}
2023-05-01 15:11:06,738 INFO [main] com.github.rsoi.service.ProductService: Generated map with ratings : {2023-04-12=[5, 4, 4], 2023-03-25=[3, 3, 3]}
2023-05-01 15:11:06,790 INFO [main] com.github.rsoi.service.ProductService: Generated map with ratings : {2023-04-12=[3, 2, 5], 2023-03-25=[3, 4, 2]}
2023-05-01 15:11:06,801 INFO [main] com.github.rsoi.service.ProductService: Generated map with ratings : {2022-12-30=[4], 2023-04-12=[3], 2023-03-25=[5, 4, 5]}
2023-05-01 15:11:06,811 INFO [main] com.github.rsoi.service.ProductService: Generated map with ratings : {2021-10-12=[4], 2023-04-12=[5]}
2023-05-01 15:11:06,823 INFO [main] com.github.rsoi.service.ProductService: Generated map with ratings : {2022-07-12=[3]}
2023-05-01 15:11:06,833 INFO [main] com.github.rsoi.service.ProductService: Generated map with ratings : {2022-12-13=[3]}
2023-05-01 15:11:06,845 INFO [main] com.github.rsoi.service.ProductService: Generated map with ratings : {2023-12-12=[4]}
2023-05-01 15:11:06,857 INFO [main] com.github.rsoi.service.ProductService: Generated map with ratings : {2021-12-30=[4]}
2023-05-01 15:11:18,760 INFO [main] com.github.rsoi.service.ProductService: Deleted product : null
2023-05-01 15:11:53,395 INFO [main] com.github.rsoi.service.ProductService: Generated map with ratings : {2023-03-27=[4, 3, 4], 2023-03-18=[5, 3, 4]}
2023-05-01 15:11:53,403 INFO [main] com.github.rsoi.service.ProductService: Generated map with product minimal prices : {2023-04-12=[400.0, 500.0]}
2023-05-01 15:11:53,412 INFO [main] com.github.rsoi.service.ProductService: Generated map with ratings : {2023-03-27=[4], 2021-09-23=[3], 2023-04-06=[3, 4], 2023-03-18=[2, 2]}
2023-05-01 15:11:53,421 INFO [main] com.github.rsoi.service.ProductService: Generated map with product minimal prices : {2023-04-12=[500.0, 650.0]}
2023-05-01 15:11:53,429 INFO [main] com.github.rsoi.service.ProductService: Generated map with ratings : {2022-12-13=[4], 2022-12-12=[4], 2023-04-11=[5, 5], 2023-03-19=[4, 5]}
2023-05-01 15:11:53,438 INFO [main] com.github.rsoi.service.ProductService: Generated map with product minimal prices : {2023-04-12=[600.0, 500.0]}
2023-05-01 15:11:53,445 INFO [main] com.github.rsoi.service.ProductService: Generated map with ratings : {2022-12-12=[5], 2023-04-11=[3, 2, 1], 2023-03-19=[4, 5]}
2023-05-01 15:11:53,454 INFO [main] com.github.rsoi.service.ProductService: Generated map with product minimal prices : {2023-04-12=[550.0, 780.0]}
2023-05-01 15:11:53,463 INFO [main] com.github.rsoi.service.ProductService: Generated map with ratings : {2020-12-12=[5], 2023-04-11=[5, 5, 3, 4], 2020-11-23=[5], 2023-03-19=[5]}
2023-05-01 15:11:53,472 INFO [main] com.github.rsoi.service.ProductService: Generated map with product minimal prices : {2023-04-12=[760.0, 1000.0]}
2023-05-01 15:11:53,479 INFO [main] com.github.rsoi.service.ProductService: Generated map with ratings : {2021-12-13=[5], 2023-04-12=[5], 2023-04-11=[5], 2023-03-25=[5, 3, 3]}
2023-05-01 15:11:53,487 INFO [main] com.github.rsoi.service.ProductService: Generated map with product minimal prices : {2023-04-12=[310.0, 1300.0]}
2023-05-01 15:11:53,496 INFO [main] com.github.rsoi.service.ProductService: Generated map with ratings : {2023-04-12=[5, 4, 4], 2023-03-25=[3, 3, 3]}
2023-05-01 15:11:53,504 INFO [main] com.github.rsoi.service.ProductService: Generated map with product minimal prices : {2023-04-12=[130.0, 450.0]}
2023-05-01 15:11:53,515 INFO [main] com.github.rsoi.service.ProductService: Generated map with ratings : {2023-04-12=[3, 2, 5], 2023-03-25=[3, 4, 2]}
2023-05-01 15:11:53,526 INFO [main] com.github.rsoi.service.ProductService: Generated map with product minimal prices : {2023-04-12=[120.0, 300.0]}
2023-05-01 15:11:53,536 INFO [main] com.github.rsoi.service.ProductService: Generated map with ratings : {2022-12-30=[4], 2023-04-12=[3], 2023-03-25=[5, 4, 5]}
2023-05-01 15:11:53,548 INFO [main] com.github.rsoi.service.ProductService: Generated map with product minimal prices : {2023-04-12=[150.0, 2000.0]}
2023-05-01 15:11:53,563 INFO [main] com.github.rsoi.service.ProductService: Generated map with ratings : {2021-10-12=[4], 2023-04-12=[5]}
2023-05-01 15:11:53,577 INFO [main] com.github.rsoi.service.ProductService: Generated map with product minimal prices : {2023-04-12=[710.0, 500.0]}
2023-05-01 15:11:53,590 INFO [main] com.github.rsoi.service.ProductService: Generated map with ratings : {2022-07-12=[3]}
2023-05-01 15:11:53,602 INFO [main] com.github.rsoi.service.ProductService: Generated map with product minimal prices : {2022-10-12=[100.0], 2022-07-12=[110.0], 2023-04-12=[90.0, 400.0]}
2023-05-01 15:11:53,612 INFO [main] com.github.rsoi.service.ProductService: Generated map with ratings : {2022-12-13=[3]}
2023-05-01 15:11:53,623 INFO [main] com.github.rsoi.service.ProductService: Generated map with product minimal prices : {2022-12-13=[300.0], 2023-04-12=[290.0], 2023-04-18=[1000.0]}
2023-05-01 15:11:53,636 INFO [main] com.github.rsoi.service.ProductService: Generated map with ratings : {2023-12-12=[4]}
2023-05-01 15:11:53,645 INFO [main] com.github.rsoi.service.ProductService: Generated map with product minimal prices : {2023-12-12=[400.0]}
2023-05-01 15:11:53,652 INFO [main] com.github.rsoi.service.ProductService: Got list of products: [com.github.rsoi.domain.product.Product@52df6d0f, com.github.rsoi.domain.product.Product@5afaae7e, com.github.rsoi.domain.product.Product@5cfde2a4, com.github.rsoi.domain.product.Product@48a2b492, com.github.rsoi.domain.product.Product@5c141c7b, com.github.rsoi.domain.product.Product@4df54c1, com.github.rsoi.domain.product.Product@41962299, com.github.rsoi.domain.product.Product@2e2546bf, com.github.rsoi.domain.product.Product@a3e458, com.github.rsoi.domain.product.Product@49c72fb7, com.github.rsoi.domain.product.Product@72321701, com.github.rsoi.domain.product.Product@62aefc75, com.github.rsoi.domain.product.Product@788fa91f]
2023-05-01 15:11:53,668 INFO [main] com.github.rsoi.service.ProductService: Generated map with ratings : {2023-03-27=[4, 3, 4], 2023-03-18=[5, 3, 4]}
2023-05-01 15:11:53,677 INFO [main] com.github.rsoi.service.ProductService: Generated map with ratings : {2023-03-27=[4], 2021-09-23=[3], 2023-04-06=[3, 4], 2023-03-18=[2, 2]}
2023-05-01 15:11:53,688 INFO [main] com.github.rsoi.service.ProductService: Generated map with ratings : {2022-12-13=[4], 2022-12-12=[4], 2023-04-11=[5, 5], 2023-03-19=[4, 5]}
2023-05-01 15:11:53,698 INFO [main] com.github.rsoi.service.ProductService: Generated map with ratings : {2022-12-12=[5], 2023-04-11=[3, 2, 1], 2023-03-19=[4, 5]}
2023-05-01 15:11:53,707 INFO [main] com.github.rsoi.service.ProductService: Generated map with ratings : {2020-12-12=[5], 2023-04-11=[5, 5, 3, 4], 2020-11-23=[5], 2023-03-19=[5]}
2023-05-01 15:11:53,718 INFO [main] com.github.rsoi.service.ProductService: Generated map with ratings : {2021-12-13=[5], 2023-04-12=[5], 2023-04-11=[5], 2023-03-25=[5, 3, 3]}
2023-05-01 15:11:53,728 INFO [main] com.github.rsoi.service.ProductService: Generated map with ratings : {2023-04-12=[5, 4, 4], 2023-03-25=[3, 3, 3]}
2023-05-01 15:11:53,737 INFO [main] com.github.rsoi.service.ProductService: Generated map with ratings : {2023-04-12=[3, 2, 5], 2023-03-25=[3, 4, 2]}
2023-05-01 15:11:53,749 INFO [main] com.github.rsoi.service.ProductService: Generated map with ratings : {2022-12-30=[4], 2023-04-12=[3], 2023-03-25=[5, 4, 5]}
2023-05-01 15:11:53,760 INFO [main] com.github.rsoi.service.ProductService: Generated map with ratings : {2021-10-12=[4], 2023-04-12=[5]}
2023-05-01 15:11:53,771 INFO [main] com.github.rsoi.service.ProductService: Generated map with ratings : {2022-07-12=[3]}
2023-05-01 15:11:53,781 INFO [main] com.github.rsoi.service.ProductService: Generated map with ratings : {2022-12-13=[3]}
2023-05-01 15:11:53,794 INFO [main] com.github.rsoi.service.ProductService: Generated map with ratings : {2023-12-12=[4]}
2023-05-01 15:13:03,980 INFO [main] com.github.rsoi.service.ProductService: Product before updating : com.github.rsoi.domain.product.Product@1174ff02
2023-05-01 15:13:04,040 INFO [main] com.github.rsoi.service.ProductService: Product after updating (updated name) : com.github.rsoi.domain.product.Product@1174ff02
2023-05-01 15:13:48,430 INFO [main] com.github.rsoi.service.ProductService: Generated map with ratings : {2023-03-27=[4, 3, 4], 2023-03-18=[5, 3, 4]}
2023-05-01 15:13:48,439 INFO [main] com.github.rsoi.service.ProductService: Generated map with product minimal prices : {2023-04-12=[400.0, 500.0]}
2023-05-01 15:13:48,447 INFO [main] com.github.rsoi.service.ProductService: Generated map with ratings : {2023-03-27=[4], 2021-09-23=[3], 2023-04-06=[3, 4], 2023-03-18=[2, 2]}
2023-05-01 15:13:48,458 INFO [main] com.github.rsoi.service.ProductService: Generated map with product minimal prices : {2023-04-12=[500.0, 650.0]}
2023-05-01 15:13:48,467 INFO [main] com.github.rsoi.service.ProductService: Generated map with ratings : {2022-12-13=[4], 2022-12-12=[4], 2023-04-11=[5, 5], 2023-03-19=[4, 5]}
2023-05-01 15:13:48,476 INFO [main] com.github.rsoi.service.ProductService: Generated map with product minimal prices : {2023-04-12=[600.0, 500.0]}
2023-05-01 15:13:48,486 INFO [main] com.github.rsoi.service.ProductService: Generated map with ratings : {2022-12-12=[5], 2023-04-11=[3, 2, 1], 2023-03-19=[4, 5]}
2023-05-01 15:13:48,496 INFO [main] com.github.rsoi.service.ProductService: Generated map with product minimal prices : {2023-04-12=[550.0, 780.0]}
2023-05-01 15:13:48,506 INFO [main] com.github.rsoi.service.ProductService: Generated map with ratings : {2020-12-12=[5], 2023-04-11=[5, 5, 3, 4], 2020-11-23=[5], 2023-03-19=[5]}
2023-05-01 15:13:48,515 INFO [main] com.github.rsoi.service.ProductService: Generated map with product minimal prices : {2023-04-12=[760.0, 1000.0]}
2023-05-01 15:13:48,524 INFO [main] com.github.rsoi.service.ProductService: Generated map with ratings : {2021-12-13=[5], 2023-04-12=[5], 2023-04-11=[5], 2023-03-25=[5, 3, 3]}
2023-05-01 15:13:48,534 INFO [main] com.github.rsoi.service.ProductService: Generated map with product minimal prices : {2023-04-12=[310.0, 1300.0]}
2023-05-01 15:13:48,543 INFO [main] com.github.rsoi.service.ProductService: Generated map with ratings : {2023-04-12=[5, 4, 4], 2023-03-25=[3, 3, 3]}
2023-05-01 15:13:48,553 INFO [main] com.github.rsoi.service.ProductService: Generated map with product minimal prices : {2023-04-12=[130.0, 450.0]}
2023-05-01 15:13:48,562 INFO [main] com.github.rsoi.service.ProductService: Generated map with ratings : {2023-04-12=[3, 2, 5], 2023-03-25=[3, 4, 2]}
2023-05-01 15:13:48,571 INFO [main] com.github.rsoi.service.ProductService: Generated map with product minimal prices : {2023-04-12=[120.0, 300.0]}
2023-05-01 15:13:48,581 INFO [main] com.github.rsoi.service.ProductService: Generated map with ratings : {2022-12-30=[4], 2023-04-12=[3], 2023-03-25=[5, 4, 5]}
2023-05-01 15:13:48,592 INFO [main] com.github.rsoi.service.ProductService: Generated map with product minimal prices : {2023-04-12=[150.0, 2000.0]}
2023-05-01 15:13:48,603 INFO [main] com.github.rsoi.service.ProductService: Generated map with ratings : {2021-10-12=[4], 2023-04-12=[5]}
2023-05-01 15:13:48,612 INFO [main] com.github.rsoi.service.ProductService: Generated map with product minimal prices : {2023-04-12=[710.0, 500.0]}
2023-05-01 15:13:48,623 INFO [main] com.github.rsoi.service.ProductService: Generated map with ratings : {2022-07-12=[3]}
2023-05-01 15:13:48,633 INFO [main] com.github.rsoi.service.ProductService: Generated map with product minimal prices : {2022-10-12=[100.0], 2022-07-12=[110.0], 2023-04-12=[90.0, 400.0]}
2023-05-01 15:13:48,642 INFO [main] com.github.rsoi.service.ProductService: Generated map with ratings : {2022-12-13=[3]}
2023-05-01 15:13:48,653 INFO [main] com.github.rsoi.service.ProductService: Generated map with product minimal prices : {2022-12-13=[300.0], 2023-04-12=[290.0], 2023-04-18=[1000.0]}
2023-05-01 15:13:48,662 INFO [main] com.github.rsoi.service.ProductService: Generated map with ratings : {2023-12-12=[4]}
2023-05-01 15:13:48,670 INFO [main] com.github.rsoi.service.ProductService: Generated map with product minimal prices : {2023-12-12=[400.0]}
2023-05-01 15:13:48,674 INFO [main] com.github.rsoi.service.ProductService: Got list of products: [com.github.rsoi.domain.product.Product@408bb173, com.github.rsoi.domain.product.Product@657e7e8, com.github.rsoi.domain.product.Product@32eeef08, com.github.rsoi.domain.product.Product@505a48a2, com.github.rsoi.domain.product.Product@7da59f6e, com.github.rsoi.domain.product.Product@6202f8bf, com.github.rsoi.domain.product.Product@170937fe, com.github.rsoi.domain.product.Product@1df83569, com.github.rsoi.domain.product.Product@62b2bc2e, com.github.rsoi.domain.product.Product@1d2ce035, com.github.rsoi.domain.product.Product@5f6b1f19, com.github.rsoi.domain.product.Product@12f933c7, com.github.rsoi.domain.product.Product@2c8f7d6a]
2023-05-01 15:13:48,686 INFO [main] com.github.rsoi.service.ProductService: Generated map with ratings : {2023-03-27=[4, 3, 4], 2023-03-18=[5, 3, 4]}
2023-05-01 15:13:48,693 INFO [main] com.github.rsoi.service.ProductService: Generated map with ratings : {2023-03-27=[4], 2021-09-23=[3], 2023-04-06=[3, 4], 2023-03-18=[2, 2]}
2023-05-01 15:13:48,700 INFO [main] com.github.rsoi.service.ProductService: Generated map with ratings : {2022-12-13=[4], 2022-12-12=[4], 2023-04-11=[5, 5], 2023-03-19=[4, 5]}
2023-05-01 15:13:48,706 INFO [main] com.github.rsoi.service.ProductService: Generated map with ratings : {2022-12-12=[5], 2023-04-11=[3, 2, 1], 2023-03-19=[4, 5]}
2023-05-01 15:13:48,713 INFO [main] com.github.rsoi.service.ProductService: Generated map with ratings : {2020-12-12=[5], 2023-04-11=[5, 5, 3, 4], 2020-11-23=[5], 2023-03-19=[5]}
2023-05-01 15:13:48,720 INFO [main] com.github.rsoi.service.ProductService: Generated map with ratings : {2021-12-13=[5], 2023-04-12=[5], 2023-04-11=[5], 2023-03-25=[5, 3, 3]}
2023-05-01 15:13:48,727 INFO [main] com.github.rsoi.service.ProductService: Generated map with ratings : {2023-04-12=[5, 4, 4], 2023-03-25=[3, 3, 3]}
2023-05-01 15:13:48,734 INFO [main] com.github.rsoi.service.ProductService: Generated map with ratings : {2023-04-12=[3, 2, 5], 2023-03-25=[3, 4, 2]}
2023-05-01 15:13:48,742 INFO [main] com.github.rsoi.service.ProductService: Generated map with ratings : {2022-12-30=[4], 2023-04-12=[3], 2023-03-25=[5, 4, 5]}
2023-05-01 15:13:48,752 INFO [main] com.github.rsoi.service.ProductService: Generated map with ratings : {2021-10-12=[4], 2023-04-12=[5]}
2023-05-01 15:13:48,760 INFO [main] com.github.rsoi.service.ProductService: Generated map with ratings : {2022-07-12=[3]}
2023-05-01 15:13:48,770 INFO [main] com.github.rsoi.service.ProductService: Generated map with ratings : {2022-12-13=[3]}
2023-05-01 15:13:48,783 INFO [main] com.github.rsoi.service.ProductService: Generated map with ratings : {2023-12-12=[4]}
2023-05-01 15:13:48,864 INFO [main] com.github.rsoi.service.ProductService: Generated map with product minimal prices : {2023-04-12=[400.0, 500.0]}
2023-05-01 15:13:48,866 INFO [main] com.github.rsoi.service.ProductService: Average price of Фотоаппарат Sony-4000 is 450.0
2023-05-01 15:13:48,886 INFO [main] com.github.rsoi.service.ProductService: Generated map with product minimal prices : {2023-04-12=[500.0, 650.0]}
2023-05-01 15:13:48,886 INFO [main] com.github.rsoi.service.ProductService: Average price of Телевизор Samsung-7 is 575.0
2023-05-01 15:13:48,902 INFO [main] com.github.rsoi.service.ProductService: Generated map with product minimal prices : {2023-04-12=[600.0, 500.0]}
2023-05-01 15:13:48,902 INFO [main] com.github.rsoi.service.ProductService: Average price of iPhone 14 Pro Max is 550.0
2023-05-01 15:13:48,917 INFO [main] com.github.rsoi.service.ProductService: Generated map with product minimal prices : {2023-04-12=[550.0, 780.0]}
2023-05-01 15:13:48,918 INFO [main] com.github.rsoi.service.ProductService: Average price of iPhone 12+ is 665.0
2023-05-01 15:13:48,933 INFO [main] com.github.rsoi.service.ProductService: Generated map with product minimal prices : {2023-04-12=[760.0, 1000.0]}
2023-05-01 15:13:48,933 INFO [main] com.github.rsoi.service.ProductService: Average price of MacBook Air is 880.0
2023-05-01 15:13:48,948 INFO [main] com.github.rsoi.service.ProductService: Generated map with product minimal prices : {2023-04-12=[310.0, 1300.0]}
2023-05-01 15:13:48,948 INFO [main] com.github.rsoi.service.ProductService: Average price of iPad mini is 805.0
2023-05-01 15:13:48,965 INFO [main] com.github.rsoi.service.ProductService: Generated map with product minimal prices : {2023-04-12=[130.0, 450.0]}
2023-05-01 15:13:48,966 INFO [main] com.github.rsoi.service.ProductService: Average price of Планшет Huawei-P10 is 290.0
2023-05-01 15:13:48,981 INFO [main] com.github.rsoi.service.ProductService: Generated map with product minimal prices : {2023-04-12=[120.0, 300.0]}
2023-05-01 15:13:48,982 INFO [main] com.github.rsoi.service.ProductService: Average price of iPod 2 is 210.0
2023-05-01 15:13:48,999 INFO [main] com.github.rsoi.service.ProductService: Generated map with product minimal prices : {2023-04-12=[150.0, 2000.0]}
2023-05-01 15:13:49,000 INFO [main] com.github.rsoi.service.ProductService: Average price of Apple TV+ is 1075.0
2023-05-01 15:13:49,014 INFO [main] com.github.rsoi.service.ProductService: Generated map with product minimal prices : {2023-04-12=[710.0, 500.0]}
2023-05-01 15:13:49,015 INFO [main] com.github.rsoi.service.ProductService: Average price of XBox 1 is 605.0
2023-05-01 15:13:49,031 INFO [main] com.github.rsoi.service.ProductService: Generated map with product minimal prices : {2022-10-12=[100.0], 2022-07-12=[110.0], 2023-04-12=[90.0, 400.0]}
2023-05-01 15:13:49,032 INFO [main] com.github.rsoi.service.ProductService: Average price of Test Product witn price 2 is 245.0
2023-05-01 15:13:49,045 INFO [main] com.github.rsoi.service.ProductService: Generated map with product minimal prices : {2022-12-13=[300.0], 2023-04-12=[290.0], 2023-04-18=[1000.0]}
2023-05-01 15:13:49,046 INFO [main] com.github.rsoi.service.ProductService: Average price of iPhone 4s is 530.0
2023-05-01 15:13:49,060 INFO [main] com.github.rsoi.service.ProductService: Generated map with product minimal prices : {2023-12-12=[400.0]}
2023-05-01 15:13:49,061 INFO [main] com.github.rsoi.service.ProductService: Average price of SAMSUNG 10 is NaN
2023-05-01 15:13:59,300 INFO [SpringApplicationShutdownHook] org.springframework.orm.jpa.AbstractEntityManagerFactoryBean: Closing JPA EntityManagerFactory for persistence unit 'default'
2023-05-01 15:13:59,304 INFO [SpringApplicationShutdownHook] com.zaxxer.hikari.HikariDataSource: HikariPool-1 - Shutdown initiated...
2023-05-01 15:13:59,317 INFO [SpringApplicationShutdownHook] com.zaxxer.hikari.HikariDataSource: HikariPool-1 - Shutdown completed.
